#
# There is insufficient memory for the Java Runtime Environment to continue.
# Native memory allocation (mmap) failed to map 536870912 bytes for G1 virtual space
# Possible reasons:
#   The system is out of physical RAM or swap space
#   The process is running with CompressedOops enabled, and the Java Heap may be blocking the growth of the native heap
# Possible solutions:
#   Reduce memory load on the system
#   Increase physical memory or swap space
#   Check if swap backing store is full
#   Decrease Java heap size (-Xmx/-Xms)
#   Decrease number of Java threads
#   Decrease Java thread stack sizes (-Xss)
#   Set larger code cache with -XX:ReservedCodeCacheSize=
#   JVM is running with Zero Based Compressed Oops mode in which the Java heap is
#     placed in the first 32GB address space. The Java Heap base address is the
#     maximum limit for the native heap growth. Please use -XX:HeapBaseMinAddress
#     to set the Java Heap base and to place the Java Heap above 32GB virtual address.
# This output file may be truncated or incomplete.
#
#  Out of Memory Error (os_windows.cpp:3532), pid=25360, tid=17840
#
# JRE version:  (17.0.2+8) (build )
# Java VM: Java HotSpot(TM) 64-Bit Server VM (17.0.2+8-LTS-86, mixed mode, sharing, tiered, compressed oops, compressed class ptrs, g1 gc, windows-amd64)
# No core dump will be written. Minidumps are not enabled by default on client versions of Windows
#

---------------  S U M M A R Y ------------

Command Line: -javaagent:E:\IntelliJ IDEA 2024.1\lib\idea_rt.jar=5913:E:\IntelliJ IDEA 2024.1\bin -Dfile.encoding=UTF-8 example.java8_function_interface.Test

Host: Intel(R) Core(TM) i5-8300H CPU @ 2.30GHz, 8 cores, 31G,  Windows 11 , 64 bit Build 22000 (10.0.22000.2538)
Time: Thu Feb 13 21:12:13 2025  Windows 11 , 64 bit Build 22000 (10.0.22000.2538) elapsed time: 0.043953 seconds (0d 0h 0m 0s)

---------------  T H R E A D  ---------------

Current thread (0x000002425b635ea0):  JavaThread "Unknown thread" [_thread_in_vm, id=17840, stack(0x0000005716e00000,0x0000005716f00000)]

Stack: [0x0000005716e00000,0x0000005716f00000]
Native frames: (J=compiled Java code, j=interpreted, Vv=VM code, C=native code)
V  [jvm.dll+0x670baa]
V  [jvm.dll+0x7cfcb4]
V  [jvm.dll+0x7d145e]
V  [jvm.dll+0x7d1ac3]
V  [jvm.dll+0x242bc5]
V  [jvm.dll+0x66dac9]
V  [jvm.dll+0x662412]
V  [jvm.dll+0x300c0b]
V  [jvm.dll+0x3081a6]
V  [jvm.dll+0x357d0e]
V  [jvm.dll+0x357f3f]
V  [jvm.dll+0x2d7ec8]
V  [jvm.dll+0x2d8e34]
V  [jvm.dll+0x7a18c1]
V  [jvm.dll+0x365a91]
V  [jvm.dll+0x780d2c]
V  [jvm.dll+0x3e845f]
V  [jvm.dll+0x3e9f01]
C  [jli.dll+0x527b]
C  [ucrtbase.dll+0x26c0c]
C  [KERNEL32.DLL+0x153e0]
C  [ntdll.dll+0x485b]


---------------  P R O C E S S  ---------------

Threads class SMR info:
_java_thread_list=0x00007ffacd819858, length=0, elements={
}

Java Threads: ( => current thread )

Other Threads:
  0x000002425b6ac6d0 GCTaskThread "GC Thread#0" [stack: 0x0000005716f00000,0x0000005717000000] [id=31480]
  0x000002425b6bd410 ConcurrentGCThread "G1 Main Marker" [stack: 0x0000005717000000,0x0000005717100000] [id=30016]
  0x000002425b6be4c0 ConcurrentGCThread "G1 Conc#0" [stack: 0x0000005717100000,0x0000005717200000] [id=26604]

[error occurred during error reporting (printing all threads), id 0xc0000005, EXCEPTION_ACCESS_VIOLATION (0xc0000005) at pc=0x00007ffacd0688a7]

VM state: not at safepoint (not fully initialized)

VM Mutex/Monitor currently owned by a thread:  ([mutex/lock_event])
[0x000002425b632c30] Heap_lock - owner thread: 0x000002425b635ea0

Heap address: 0x0000000602000000, size: 8160 MB, Compressed Oops mode: Zero based, Oop shift amount: 3

CDS archive(s) mapped at: [0x0000000000000000-0x0000000000000000-0x0000000000000000), size 0, SharedBaseAddress: 0x0000000800000000, ArchiveRelocationMode: 0.
Narrow klass base: 0x0000000000000000, Narrow klass shift: 0, Narrow klass range: 0x0

GC Precious Log:
<Empty>

Heap:
 garbage-first heap   total 0K, used 0K [0x0000000602000000, 0x0000000800000000)
  region size 4096K, 0 young (0K), 0 survivors (0K)

[error occurred during error reporting (printing heap information), id 0xc0000005, EXCEPTION_ACCESS_VIOLATION (0xc0000005) at pc=0x00007ffacd449f19]

GC Heap History (0 events):
No events

Deoptimization events (0 events):
No events

Classes unloaded (0 events):
No events

Classes redefined (0 events):
No events

Internal exceptions (0 events):
No events

VM Operations (0 events):
No events

Events (1 events):
Event: 0.041 Loaded shared library E:\develop_tool\JDK\jdk-17.0.2\bin\java.dll


Dynamic libraries:
0x00007ff7cf6f0000 - 0x00007ff7cf700000 	E:\develop_tool\JDK\jdk-17.0.2\bin\java.exe
0x00007ffbac020000 - 0x00007ffbac229000 	C:\Windows\SYSTEM32\ntdll.dll
0x00007ffbab420000 - 0x00007ffbab4dd000 	C:\Windows\System32\KERNEL32.DLL
0x00007ffba9670000 - 0x00007ffba99f4000 	C:\Windows\System32\KERNELBASE.dll
0x00007ffba94b0000 - 0x00007ffba95c1000 	C:\Windows\System32\ucrtbase.dll
0x00007ffb7f560000 - 0x00007ffb7f57a000 	E:\develop_tool\JDK\jdk-17.0.2\bin\VCRUNTIME140.dll
0x00007ffb7f580000 - 0x00007ffb7f598000 	E:\develop_tool\JDK\jdk-17.0.2\bin\jli.dll
0x00007ffbabeb0000 - 0x00007ffbabf5e000 	C:\Windows\System32\ADVAPI32.dll
0x00007ffbab6a0000 - 0x00007ffbab743000 	C:\Windows\System32\msvcrt.dll
0x00007ffbab750000 - 0x00007ffbab7ee000 	C:\Windows\System32\sechost.dll
0x00007ffbaa020000 - 0x00007ffbaa141000 	C:\Windows\System32\RPCRT4.dll
0x00007ffba9e70000 - 0x00007ffbaa01d000 	C:\Windows\System32\USER32.dll
0x00007ffb91f00000 - 0x00007ffb921a5000 	C:\Windows\WinSxS\amd64_microsoft.windows.common-controls_6595b64144ccf1df_6.0.22000.120_none_9d947278b86cc467\COMCTL32.dll
0x00007ffba9bf0000 - 0x00007ffba9c16000 	C:\Windows\System32\win32u.dll
0x00007ffbaa150000 - 0x00007ffbaa17a000 	C:\Windows\System32\GDI32.dll
0x00007ffba9d50000 - 0x00007ffba9e6e000 	C:\Windows\System32\gdi32full.dll
0x00007ffba95d0000 - 0x00007ffba966d000 	C:\Windows\System32\msvcp_win.dll
0x00007ffba2230000 - 0x00007ffba223a000 	C:\Windows\SYSTEM32\VERSION.dll
0x00007ffbaba80000 - 0x00007ffbabab1000 	C:\Windows\System32\IMM32.DLL
0x00007ffba5c00000 - 0x00007ffba5c0c000 	E:\develop_tool\JDK\jdk-17.0.2\bin\vcruntime140_1.dll
0x00007ffb70fb0000 - 0x00007ffb7103d000 	E:\develop_tool\JDK\jdk-17.0.2\bin\msvcp140.dll
0x00007ffaccd80000 - 0x00007ffacd941000 	E:\develop_tool\JDK\jdk-17.0.2\bin\server\jvm.dll
0x00007ffbabc10000 - 0x00007ffbabc18000 	C:\Windows\System32\PSAPI.DLL
0x00007ffba2d30000 - 0x00007ffba2d63000 	C:\Windows\SYSTEM32\WINMM.dll
0x00007ffba3570000 - 0x00007ffba3579000 	C:\Windows\SYSTEM32\WSOCK32.dll
0x00007ffbabad0000 - 0x00007ffbabb3f000 	C:\Windows\System32\WS2_32.dll
0x00007ffba8610000 - 0x00007ffba8628000 	C:\Windows\SYSTEM32\kernel.appcore.dll
0x00007ffba51d0000 - 0x00007ffba51da000 	E:\develop_tool\JDK\jdk-17.0.2\bin\jimage.dll
0x00007ffba6c80000 - 0x00007ffba6ea1000 	C:\Windows\SYSTEM32\DBGHELP.DLL
0x00007ffb8f5d0000 - 0x00007ffb8f601000 	C:\Windows\SYSTEM32\dbgcore.DLL
0x00007ffba9b70000 - 0x00007ffba9bef000 	C:\Windows\System32\bcryptPrimitives.dll
0x00007ffba3f10000 - 0x00007ffba3f1e000 	E:\develop_tool\JDK\jdk-17.0.2\bin\instrument.dll
0x00007ffb76d60000 - 0x00007ffb76d85000 	E:\develop_tool\JDK\jdk-17.0.2\bin\java.dll

dbghelp: loaded successfully - version: 4.0.5 - missing functions: none
symbol engine: initialized successfully - sym options: 0x614 - pdb path: .;E:\develop_tool\JDK\jdk-17.0.2\bin;C:\Windows\SYSTEM32;C:\Windows\WinSxS\amd64_microsoft.windows.common-controls_6595b64144ccf1df_6.0.22000.120_none_9d947278b86cc467;E:\develop_tool\JDK\jdk-17.0.2\bin\server

VM Arguments:
jvm_args: -javaagent:E:\IntelliJ IDEA 2024.1\lib\idea_rt.jar=5913:E:\IntelliJ IDEA 2024.1\bin -Dfile.encoding=UTF-8 
java_command: example.java8_function_interface.Test
java_class_path (initial): E:\620\leetCodeProj\out\production\leetCodeProj
Launcher Type: SUN_STANDARD

[Global flags]
     intx CICompilerCount                          = 4                                         {product} {ergonomic}
     uint ConcGCThreads                            = 2                                         {product} {ergonomic}
     uint G1ConcRefinementThreads                  = 8                                         {product} {ergonomic}
   size_t G1HeapRegionSize                         = 4194304                                   {product} {ergonomic}
    uintx GCDrainStackTargetSize                   = 64                                        {product} {ergonomic}
   size_t InitialHeapSize                          = 536870912                                 {product} {ergonomic}
   size_t MarkStackSize                            = 4194304                                   {product} {ergonomic}
   size_t MaxHeapSize                              = 8556380160                                {product} {ergonomic}
   size_t MinHeapDeltaBytes                        = 4194304                                   {product} {ergonomic}
   size_t MinHeapSize                              = 8388608                                   {product} {ergonomic}
    uintx NonNMethodCodeHeapSize                   = 5839372                                {pd product} {ergonomic}
    uintx NonProfiledCodeHeapSize                  = 122909434                              {pd product} {ergonomic}
    uintx ProfiledCodeHeapSize                     = 122909434                              {pd product} {ergonomic}
    uintx ReservedCodeCacheSize                    = 251658240                              {pd product} {ergonomic}
     bool SegmentedCodeCache                       = true                                      {product} {ergonomic}
   size_t SoftMaxHeapSize                          = 8556380160                             {manageable} {ergonomic}
     bool UseCompressedClassPointers               = true                           {product lp64_product} {ergonomic}
     bool UseCompressedOops                        = true                           {product lp64_product} {ergonomic}
     bool UseG1GC                                  = true                                      {product} {ergonomic}
     bool UseLargePagesIndividualAllocation        = false                                  {pd product} {ergonomic}

Logging:
Log output configuration:
 #0: stdout all=warning uptime,level,tags
 #1: stderr all=off uptime,level,tags

Environment Variables:
JAVA_HOME=E:\develop_tool\JDK\jdk-21.0.5
CLASSPATH=.;E:\develop_tool\JDK\jdk-21.0.5\lib\dt.jar;E:\develop_tool\JDK\jdk-21.0.5\lib\tools.jar;E:\apache-jmeter-5.6.3\lib\ext\ApacheJMeter_core.jar; E:\apache-jmeter-5.6.3\lib\jorphan.jar;
PATH=C:\texlive\2024\bin\windows;C:\Users\AiJun\AppData\Local\Microsoft\WindowsApps;E:\Anaconda\Scripts;E:\Anaconda;E:\PyCharm 2024.1\bin;;E:\anaconda_python311_myenv;E:\anaconda_python311_myenv\Scripts;E:\IntelliJ IDEA 2024.1\bin;;E:\Microsoft VS Code\bin;C:\Users\AiJun\AppData\Roaming\npm;D:\QQGameTempest\Hall.57986\
USERNAME=AiJun
OS=Windows_NT
PROCESSOR_IDENTIFIER=Intel64 Family 6 Model 158 Stepping 10, GenuineIntel



---------------  S Y S T E M  ---------------

OS:
 Windows 11 , 64 bit Build 22000 (10.0.22000.2538)
OS uptime: 1 days 8:35 hours

CPU: total 8 (initial active 8) (4 cores per cpu, 2 threads per core) family 6 model 158 stepping 10 microcode 0xde, cx8, cmov, fxsr, ht, mmx, 3dnowpref, sse, sse2, sse3, ssse3, sse4.1, sse4.2, popcnt, lzcnt, tsc, tscinvbit, avx, avx2, aes, erms, clmul, bmi1, bmi2, adx, fma, vzeroupper, clflush, clflushopt

Memory: 4k page, system-wide physical 32628M (6748M free)
TotalPageFile size 65902M (AvailPageFile size 426M)
current process WorkingSet (physical memory assigned to process): 10M, peak: 10M
current process commit charge ("private bytes"): 60M, peak: 572M

vm_info: Java HotSpot(TM) 64-Bit Server VM (17.0.2+8-LTS-86) for windows-amd64 JRE (17.0.2+8-LTS-86), built on Dec  7 2021 21:51:03 by "mach5one" with MS VC++ 16.8 / 16.9 (VS2019)

END.
